<?xml version="1.0" encoding="UTF-8"?>
<!-- Generated by org.testng.reporters.JUnitXMLReporter -->
<testsuite ignored="0" hostname="REM-MC-220707A.local" failures="0" tests="4" name="Command line test" time="2.954" errors="0" timestamp="2022-12-01T14:50:57 CST">
  <testcase classname="com.example.mytest.CrudOperationsTest" name="testAddUser" time="1.494"/>
  <testcase classname="com.example.mytest.CrudOperationsTest" name="testGetSingleResourceActivity" time="0.717"/>
  <testcase classname="com.example.mytest.CrudOperationsTest" name="testGetSingleUseActivity" time="0.266"/>
  <testcase classname="com.example.mytest.CrudOperationsTest" name="testGetUser" time="0.251"/>
</testsuite> <!-- Command line test -->
