<?xml version="1.0" encoding="UTF-8"?>
<!-- Generated by org.testng.reporters.JUnitXMLReporter -->
<testsuite ignored="3" hostname="REM-MC-220707A.local" failures="0" tests="1" name="Default test" time="3.419" errors="0" timestamp="2022-12-01T15:20:14 CST">
  <testcase classname="com.example.mytest.CrudOperationsTest" name="testGetSingleResourceActivity" time="2.896"/>
  <testcase classname="com.example.mytest.CrudOperationsTest" name="testGetSingleUseActivity" time="0.0">
    <ignored/>
  </testcase> <!-- testGetSingleUseActivity -->
  <testcase classname="com.example.mytest.CrudOperationsTest" name="testAddUser" time="0.0">
    <ignored/>
  </testcase> <!-- testAddUser -->
  <testcase classname="com.example.mytest.CrudOperationsTest" name="testGetUser" time="0.0">
    <ignored/>
  </testcase> <!-- testGetUser -->
</testsuite> <!-- Default test -->
