<?xml version="1.0" encoding="UTF-8"?>
<!-- Generated by org.testng.reporters.JUnitXMLReporter -->
<testsuite ignored="1" hostname="REM-MC-220707A.local" failures="0" tests="1" name="Default test" time="3.798" errors="0" timestamp="2022-12-01T18:14:47 CST">
  <testcase classname="com.example.mytest.PostRequestTest" name="testPostRegister" time="3.252"/>
  <testcase classname="com.example.mytest.PostRequestTest" name="testPostLogin" time="0.0">
    <ignored/>
  </testcase> <!-- testPostLogin -->
</testsuite> <!-- Default test -->
