<?xml version="1.0" encoding="UTF-8"?>
<testng-results ignored="6" total="7" passed="1" failed="0" skipped="0">
  <reporter-output>
  </reporter-output>
  <suite started-at="2023-01-05T09:53:15 CST" name="Default suite" finished-at="2023-01-05T09:53:17 CST" duration-ms="2640">
    <groups>
    </groups>
    <test started-at="2023-01-05T09:53:15 CST" name="Default test" finished-at="2023-01-05T09:53:17 CST" duration-ms="2640">
      <class name="ouauth.GmailApiOauth">
        <test-method is-config="true" signature="beforeClass()[pri:0, instance:ouauth.GmailApiOauth@7ed7259e]" started-at="2023-01-05T09:53:15 CST" name="beforeClass" finished-at="2023-01-05T09:53:16 CST" duration-ms="739" status="PASS">
          <reporter-output>
          </reporter-output>
        </test-method> <!-- beforeClass -->
        <test-method signature="testDeleteEmail()[pri:0, instance:ouauth.GmailApiOauth@7ed7259e]" started-at="2023-01-05T09:53:16 CST" name="testDeleteEmail" finished-at="2023-01-05T09:53:17 CST" duration-ms="1856" status="PASS">
          <reporter-output>
          </reporter-output>
        </test-method> <!-- testDeleteEmail -->
      </class> <!-- ouauth.GmailApiOauth -->
    </test> <!-- Default test -->
  </suite> <!-- Default suite -->
</testng-results>
